{"level":"info","message":"Esto es un mensaje de información","service":"user-service"}
{"level":"error","message":"Esto es un mensaje de error","service":"user-service"}
{"level":"warn","message":"Esto es un mensaje de advertencia","service":"user-service"}
{"level":"info","message":"Esto es un mensaje de información","service":"user-service"}
{"level":"error","message":"Esto es un mensaje de error","service":"user-service"}
{"level":"warn","message":"Esto es un mensaje de advertencia","service":"user-service"}
{"level":"info","message":"Esto es un mensaje de información","service":"user-service"}
{"level":"error","message":"Esto es un mensaje de error","service":"user-service"}
{"level":"warn","message":"Esto es un mensaje de advertencia","service":"user-service"}
{"level":"error","message":"Hola computere este error"}
{"level":"error","message":"Hola computere este error"}
{"level":"error","message":"Hola computere este error"}
{"level":"error","message":"Hola computere este error"}
{"level":"error","message":"Hay un error"}
{"level":"error","message":"Hay un error"}
{"level":"error","message":"Hay un error"}
{"level":"error","message":"Hay un error"}
{"level":"error","message":"Hay un error"}
{"level":"error","message":"sadfasdf"}
{"level":"error","message":"Hola computere este error"}
